{
  message: 'SCAN command to database complete {"$metadata":{"httpStatusCode":200,"requestId":"IGEVU8B2IADGKRH4R60LS6GUFNVV4KQNSO5AEMVJF66Q9ASUAAJG","attempts":1,"totalRetryDelay":0},"Count":1,"Items":[{"following":{},"SK":"METADATA","password":"$2b$10$RZWpneGNmJjUsDjNWastAumap/NrDmqDvRzb3obROPTLMtZ4rjR4e","username":"revature101","PK":"USER#user54fcb9e1-5d8e-4d43-bd99-69cf01e8a9ef","email":"example@revature.net"}],"ScannedCount":8}',
  level: 'info',
  label: 'HeartSync Backend',
  timestamp: '2025-10-01T19:49:05.764Z'
}
{
  message: 'Incoming POST : /users/',
  level: 'info',
  label: 'HeartSync Backend',
  timestamp: '2025-10-01T19:51:03.975Z'
}
{
  message: 'SCAN command to database complete {"$metadata":{"httpStatusCode":200,"requestId":"4ANOP9FKF3Q42DDOLR6DM2IH8JVV4KQNSO5AEMVJF66Q9ASUAAJG","attempts":1,"totalRetryDelay":0},"Count":0,"Items":[],"ScannedCount":8}',
  level: 'info',
  label: 'HeartSync Backend',
  timestamp: '2025-10-01T19:51:04.163Z'
}
{
  message: 'User not found by username: user1',
  level: 'info',
  label: 'HeartSync Backend',
  timestamp: '2025-10-01T19:51:04.165Z'
}
{
  message: 'Incoming POST : /users/',
  level: 'info',
  label: 'HeartSync Backend',
  timestamp: '2025-10-01T19:54:21.526Z'
}
{
  message: 'SCAN command to database complete {"$metadata":{"httpStatusCode":200,"requestId":"09MAFD5AOJDST1LBCG3AJ893EBVV4KQNSO5AEMVJF66Q9ASUAAJG","attempts":1,"totalRetryDelay":0},"Count":0,"Items":[],"ScannedCount":8}',
  level: 'info',
  label: 'HeartSync Backend',
  timestamp: '2025-10-01T19:54:21.811Z'
}
{
  message: 'User not found by username: user1',
  level: 'info',
  label: 'HeartSync Backend',
  timestamp: '2025-10-01T19:54:21.811Z'
}
{
  message: 'PUT command to database complete {"$metadata":{"httpStatusCode":200,"requestId":"9376O0M1G6GIEGEML9GJR8KL6NVV4KQNSO5AEMVJF66Q9ASUAAJG","attempts":1,"totalRetryDelay":0}}',
  level: 'info',
  label: 'HeartSync Backend',
  timestamp: '2025-10-01T19:54:21.917Z'
}
{
  message: 'Creating new user: {"$metadata":{"httpStatusCode":200,"requestId":"9376O0M1G6GIEGEML9GJR8KL6NVV4KQNSO5AEMVJF66Q9ASUAAJG","attempts":1,"totalRetryDelay":0}}',
  level: 'info',
  label: 'HeartSync Backend',
  timestamp: '2025-10-01T19:54:21.918Z'
}
